<?xml version="1.0" encoding="UTF-8"?>
<testsuite xmlns:xsi="http://www.w3.org/2001/XMLSchema-instance" xsi:noNamespaceSchemaLocation="https://maven.apache.org/surefire/maven-surefire-plugin/xsd/surefire-test-report.xsd" name="com.chris.ad.service.AdPlanServiceTest" time="9.739" tests="1" errors="0" skipped="0" failures="0">
  <properties>
    <property name="gopherProxySet" value="false"/>
    <property name="awt.toolkit" value="sun.lwawt.macosx.LWCToolkit"/>
    <property name="file.encoding.pkg" value="sun.io"/>
    <property name="java.specification.version" value="1.8"/>
    <property name="sun.cpu.isalist" value=""/>
    <property name="sun.jnu.encoding" value="UTF-8"/>
    <property name="java.class.path" value="/Users/chris/Desktop/spring/advertise-springcloud/chris-ad-service/ad-sponsor/target/test-classes:/Users/chris/Desktop/spring/advertise-springcloud/chris-ad-service/ad-sponsor/target/classes:/Users/chris/.m2/repository/org/springframework/boot/spring-boot-starter-web/2.0.2.RELEASE/spring-boot-starter-web-2.0.2.RELEASE.jar:/Users/chris/.m2/repository/org/springframework/boot/spring-boot-starter/2.0.2.RELEASE/spring-boot-starter-2.0.2.RELEASE.jar:/Users/chris/.m2/repository/org/springframework/boot/spring-boot/2.0.2.RELEASE/spring-boot-2.0.2.RELEASE.jar:/Users/chris/.m2/repository/org/springframework/boot/spring-boot-autoconfigure/2.0.2.RELEASE/spring-boot-autoconfigure-2.0.2.RELEASE.jar:/Users/chris/.m2/repository/org/springframework/boot/spring-boot-starter-logging/2.0.2.RELEASE/spring-boot-starter-logging-2.0.2.RELEASE.jar:/Users/chris/.m2/repository/ch/qos/logback/logback-classic/1.2.3/logback-classic-1.2.3.jar:/Users/chris/.m2/repository/ch/qos/logback/logback-core/1.2.3/logback-core-1.2.3.jar:/Users/chris/.m2/repository/org/apache/logging/log4j/log4j-to-slf4j/2.10.0/log4j-to-slf4j-2.10.0.jar:/Users/chris/.m2/repository/org/apache/logging/log4j/log4j-api/2.10.0/log4j-api-2.10.0.jar:/Users/chris/.m2/repository/org/slf4j/jul-to-slf4j/1.7.25/jul-to-slf4j-1.7.25.jar:/Users/chris/.m2/repository/javax/annotation/javax.annotation-api/1.3.2/javax.annotation-api-1.3.2.jar:/Users/chris/.m2/repository/org/yaml/snakeyaml/1.19/snakeyaml-1.19.jar:/Users/chris/.m2/repository/org/springframework/boot/spring-boot-starter-json/2.0.2.RELEASE/spring-boot-starter-json-2.0.2.RELEASE.jar:/Users/chris/.m2/repository/com/fasterxml/jackson/core/jackson-databind/2.9.5/jackson-databind-2.9.5.jar:/Users/chris/.m2/repository/com/fasterxml/jackson/datatype/jackson-datatype-jdk8/2.9.5/jackson-datatype-jdk8-2.9.5.jar:/Users/chris/.m2/repository/com/fasterxml/jackson/datatype/jackson-datatype-jsr310/2.9.5/jackson-datatype-jsr310-2.9.5.jar:/Users/chris/.m2/repository/com/fasterxml/jackson/module/jackson-module-parameter-names/2.9.5/jackson-module-parameter-names-2.9.5.jar:/Users/chris/.m2/repository/org/springframework/boot/spring-boot-starter-tomcat/2.0.2.RELEASE/spring-boot-starter-tomcat-2.0.2.RELEASE.jar:/Users/chris/.m2/repository/org/apache/tomcat/embed/tomcat-embed-core/8.5.31/tomcat-embed-core-8.5.31.jar:/Users/chris/.m2/repository/org/apache/tomcat/embed/tomcat-embed-el/8.5.31/tomcat-embed-el-8.5.31.jar:/Users/chris/.m2/repository/org/apache/tomcat/embed/tomcat-embed-websocket/8.5.31/tomcat-embed-websocket-8.5.31.jar:/Users/chris/.m2/repository/org/hibernate/validator/hibernate-validator/6.0.9.Final/hibernate-validator-6.0.9.Final.jar:/Users/chris/.m2/repository/javax/validation/validation-api/2.0.1.Final/validation-api-2.0.1.Final.jar:/Users/chris/.m2/repository/org/jboss/logging/jboss-logging/3.3.2.Final/jboss-logging-3.3.2.Final.jar:/Users/chris/.m2/repository/com/fasterxml/classmate/1.3.4/classmate-1.3.4.jar:/Users/chris/.m2/repository/org/springframework/spring-web/5.0.6.RELEASE/spring-web-5.0.6.RELEASE.jar:/Users/chris/.m2/repository/org/springframework/spring-beans/5.0.6.RELEASE/spring-beans-5.0.6.RELEASE.jar:/Users/chris/.m2/repository/org/springframework/spring-webmvc/5.0.6.RELEASE/spring-webmvc-5.0.6.RELEASE.jar:/Users/chris/.m2/repository/org/springframework/spring-aop/5.0.6.RELEASE/spring-aop-5.0.6.RELEASE.jar:/Users/chris/.m2/repository/org/springframework/spring-context/5.0.6.RELEASE/spring-context-5.0.6.RELEASE.jar:/Users/chris/.m2/repository/org/springframework/spring-expression/5.0.6.RELEASE/spring-expression-5.0.6.RELEASE.jar:/Users/chris/.m2/repository/org/springframework/cloud/spring-cloud-starter-netflix-eureka-client/2.0.0.RELEASE/spring-cloud-starter-netflix-eureka-client-2.0.0.RELEASE.jar:/Users/chris/.m2/repository/org/springframework/cloud/spring-cloud-starter/2.0.0.RELEASE/spring-cloud-starter-2.0.0.RELEASE.jar:/Users/chris/.m2/repository/org/springframework/cloud/spring-cloud-context/2.0.0.RELEASE/spring-cloud-context-2.0.0.RELEASE.jar:/Users/chris/.m2/repository/org/springframework/security/spring-security-rsa/1.0.5.RELEASE/spring-security-rsa-1.0.5.RELEASE.jar:/Users/chris/.m2/repository/org/bouncycastle/bcpkix-jdk15on/1.56/bcpkix-jdk15on-1.56.jar:/Users/chris/.m2/repository/org/bouncycastle/bcprov-jdk15on/1.56/bcprov-jdk15on-1.56.jar:/Users/chris/.m2/repository/org/springframework/cloud/spring-cloud-netflix-core/2.0.0.RELEASE/spring-cloud-netflix-core-2.0.0.RELEASE.jar:/Users/chris/.m2/repository/org/springframework/cloud/spring-cloud-netflix-eureka-client/2.0.0.RELEASE/spring-cloud-netflix-eureka-client-2.0.0.RELEASE.jar:/Users/chris/.m2/repository/com/netflix/eureka/eureka-client/1.9.2/eureka-client-1.9.2.jar:/Users/chris/.m2/repository/org/codehaus/jettison/jettison/1.3.7/jettison-1.3.7.jar:/Users/chris/.m2/repository/stax/stax-api/1.0.1/stax-api-1.0.1.jar:/Users/chris/.m2/repository/com/netflix/netflix-commons/netflix-eventbus/0.3.0/netflix-eventbus-0.3.0.jar:/Users/chris/.m2/repository/com/netflix/netflix-commons/netflix-infix/0.3.0/netflix-infix-0.3.0.jar:/Users/chris/.m2/repository/commons-jxpath/commons-jxpath/1.3/commons-jxpath-1.3.jar:/Users/chris/.m2/repository/joda-time/joda-time/2.9.9/joda-time-2.9.9.jar:/Users/chris/.m2/repository/org/antlr/antlr-runtime/3.4/antlr-runtime-3.4.jar:/Users/chris/.m2/repository/org/antlr/stringtemplate/3.2.1/stringtemplate-3.2.1.jar:/Users/chris/.m2/repository/com/google/code/gson/gson/2.8.4/gson-2.8.4.jar:/Users/chris/.m2/repository/org/apache/commons/commons-math/2.2/commons-math-2.2.jar:/Users/chris/.m2/repository/com/netflix/archaius/archaius-core/0.7.6/archaius-core-0.7.6.jar:/Users/chris/.m2/repository/javax/ws/rs/jsr311-api/1.1.1/jsr311-api-1.1.1.jar:/Users/chris/.m2/repository/com/netflix/servo/servo-core/0.12.21/servo-core-0.12.21.jar:/Users/chris/.m2/repository/com/sun/jersey/jersey-core/1.19.1/jersey-core-1.19.1.jar:/Users/chris/.m2/repository/com/sun/jersey/jersey-client/1.19.1/jersey-client-1.19.1.jar:/Users/chris/.m2/repository/com/sun/jersey/contribs/jersey-apache-client4/1.19.1/jersey-apache-client4-1.19.1.jar:/Users/chris/.m2/repository/org/apache/httpcomponents/httpclient/4.5.5/httpclient-4.5.5.jar:/Users/chris/.m2/repository/org/apache/httpcomponents/httpcore/4.4.9/httpcore-4.4.9.jar:/Users/chris/.m2/repository/com/google/inject/guice/4.1.0/guice-4.1.0.jar:/Users/chris/.m2/repository/aopalliance/aopalliance/1.0/aopalliance-1.0.jar:/Users/chris/.m2/repository/com/github/vlsi/compactmap/compactmap/1.2.1/compactmap-1.2.1.jar:/Users/chris/.m2/repository/com/github/andrewoma/dexx/dexx-collections/0.2/dexx-collections-0.2.jar:/Users/chris/.m2/repository/com/fasterxml/jackson/core/jackson-annotations/2.9.0/jackson-annotations-2.9.0.jar:/Users/chris/.m2/repository/com/fasterxml/jackson/core/jackson-core/2.9.5/jackson-core-2.9.5.jar:/Users/chris/.m2/repository/com/netflix/eureka/eureka-core/1.9.2/eureka-core-1.9.2.jar:/Users/chris/.m2/repository/org/codehaus/woodstox/woodstox-core-asl/4.4.1/woodstox-core-asl-4.4.1.jar:/Users/chris/.m2/repository/javax/xml/stream/stax-api/1.0-2/stax-api-1.0-2.jar:/Users/chris/.m2/repository/org/codehaus/woodstox/stax2-api/3.1.4/stax2-api-3.1.4.jar:/Users/chris/.m2/repository/org/springframework/cloud/spring-cloud-starter-netflix-archaius/2.0.0.RELEASE/spring-cloud-starter-netflix-archaius-2.0.0.RELEASE.jar:/Users/chris/.m2/repository/org/springframework/cloud/spring-cloud-netflix-archaius/2.0.0.RELEASE/spring-cloud-netflix-archaius-2.0.0.RELEASE.jar:/Users/chris/.m2/repository/commons-configuration/commons-configuration/1.8/commons-configuration-1.8.jar:/Users/chris/.m2/repository/com/netflix/ribbon/ribbon-eureka/2.2.5/ribbon-eureka-2.2.5.jar:/Users/chris/.m2/repository/org/slf4j/slf4j-api/1.7.25/slf4j-api-1.7.25.jar:/Users/chris/.m2/repository/com/thoughtworks/xstream/xstream/1.4.10/xstream-1.4.10.jar:/Users/chris/.m2/repository/xmlpull/xmlpull/1.1.3.1/xmlpull-1.1.3.1.jar:/Users/chris/.m2/repository/xpp3/xpp3_min/1.1.4c/xpp3_min-1.1.4c.jar:/Users/chris/.m2/repository/org/springframework/cloud/spring-cloud-starter-openfeign/2.0.0.RELEASE/spring-cloud-starter-openfeign-2.0.0.RELEASE.jar:/Users/chris/.m2/repository/org/springframework/cloud/spring-cloud-openfeign-core/2.0.0.RELEASE/spring-cloud-openfeign-core-2.0.0.RELEASE.jar:/Users/chris/.m2/repository/org/springframework/cloud/spring-cloud-commons/2.0.0.RELEASE/spring-cloud-commons-2.0.0.RELEASE.jar:/Users/chris/.m2/repository/org/springframework/security/spring-security-crypto/5.0.5.RELEASE/spring-security-crypto-5.0.5.RELEASE.jar:/Users/chris/.m2/repository/io/github/openfeign/feign-core/9.5.1/feign-core-9.5.1.jar:/Users/chris/.m2/repository/io/github/openfeign/feign-slf4j/9.5.1/feign-slf4j-9.5.1.jar:/Users/chris/.m2/repository/io/github/openfeign/feign-hystrix/9.5.1/feign-hystrix-9.5.1.jar:/Users/chris/.m2/repository/io/github/openfeign/feign-java8/9.5.1/feign-java8-9.5.1.jar:/Users/chris/.m2/repository/org/springframework/cloud/spring-cloud-starter-netflix-hystrix/2.0.0.RELEASE/spring-cloud-starter-netflix-hystrix-2.0.0.RELEASE.jar:/Users/chris/.m2/repository/org/springframework/cloud/spring-cloud-netflix-ribbon/2.0.0.RELEASE/spring-cloud-netflix-ribbon-2.0.0.RELEASE.jar:/Users/chris/.m2/repository/com/netflix/hystrix/hystrix-core/1.5.12/hystrix-core-1.5.12.jar:/Users/chris/.m2/repository/org/hdrhistogram/HdrHistogram/2.1.9/HdrHistogram-2.1.9.jar:/Users/chris/.m2/repository/com/netflix/hystrix/hystrix-serialization/1.5.12/hystrix-serialization-1.5.12.jar:/Users/chris/.m2/repository/com/fasterxml/jackson/module/jackson-module-afterburner/2.9.5/jackson-module-afterburner-2.9.5.jar:/Users/chris/.m2/repository/com/netflix/hystrix/hystrix-metrics-event-stream/1.5.12/hystrix-metrics-event-stream-1.5.12.jar:/Users/chris/.m2/repository/com/netflix/hystrix/hystrix-javanica/1.5.12/hystrix-javanica-1.5.12.jar:/Users/chris/.m2/repository/org/apache/commons/commons-lang3/3.7/commons-lang3-3.7.jar:/Users/chris/.m2/repository/org/ow2/asm/asm/5.0.4/asm-5.0.4.jar:/Users/chris/.m2/repository/org/aspectj/aspectjweaver/1.8.13/aspectjweaver-1.8.13.jar:/Users/chris/.m2/repository/com/google/guava/guava/15.0/guava-15.0.jar:/Users/chris/.m2/repository/io/reactivex/rxjava-reactive-streams/1.2.1/rxjava-reactive-streams-1.2.1.jar:/Users/chris/.m2/repository/org/reactivestreams/reactive-streams/1.0.2/reactive-streams-1.0.2.jar:/Users/chris/.m2/repository/org/springframework/cloud/spring-cloud-starter-netflix-ribbon/2.0.0.RELEASE/spring-cloud-starter-netflix-ribbon-2.0.0.RELEASE.jar:/Users/chris/.m2/repository/com/netflix/ribbon/ribbon/2.2.5/ribbon-2.2.5.jar:/Users/chris/.m2/repository/com/netflix/ribbon/ribbon-transport/2.2.5/ribbon-transport-2.2.5.jar:/Users/chris/.m2/repository/io/reactivex/rxnetty-contexts/0.4.9/rxnetty-contexts-0.4.9.jar:/Users/chris/.m2/repository/io/reactivex/rxnetty-servo/0.4.9/rxnetty-servo-0.4.9.jar:/Users/chris/.m2/repository/javax/inject/javax.inject/1/javax.inject-1.jar:/Users/chris/.m2/repository/io/reactivex/rxnetty/0.4.9/rxnetty-0.4.9.jar:/Users/chris/.m2/repository/io/netty/netty-codec-http/4.1.24.Final/netty-codec-http-4.1.24.Final.jar:/Users/chris/.m2/repository/io/netty/netty-codec/4.1.24.Final/netty-codec-4.1.24.Final.jar:/Users/chris/.m2/repository/io/netty/netty-transport-native-epoll/4.1.24.Final/netty-transport-native-epoll-4.1.24.Final.jar:/Users/chris/.m2/repository/io/netty/netty-common/4.1.24.Final/netty-common-4.1.24.Final.jar:/Users/chris/.m2/repository/io/netty/netty-buffer/4.1.24.Final/netty-buffer-4.1.24.Final.jar:/Users/chris/.m2/repository/io/netty/netty-transport-native-unix-common/4.1.24.Final/netty-transport-native-unix-common-4.1.24.Final.jar:/Users/chris/.m2/repository/io/netty/netty-transport/4.1.24.Final/netty-transport-4.1.24.Final.jar:/Users/chris/.m2/repository/io/netty/netty-resolver/4.1.24.Final/netty-resolver-4.1.24.Final.jar:/Users/chris/.m2/repository/com/netflix/ribbon/ribbon-core/2.2.5/ribbon-core-2.2.5.jar:/Users/chris/.m2/repository/commons-lang/commons-lang/2.6/commons-lang-2.6.jar:/Users/chris/.m2/repository/com/netflix/ribbon/ribbon-httpclient/2.2.5/ribbon-httpclient-2.2.5.jar:/Users/chris/.m2/repository/commons-collections/commons-collections/3.2.2/commons-collections-3.2.2.jar:/Users/chris/.m2/repository/com/netflix/netflix-commons/netflix-commons-util/0.3.0/netflix-commons-util-0.3.0.jar:/Users/chris/.m2/repository/com/netflix/ribbon/ribbon-loadbalancer/2.2.5/ribbon-loadbalancer-2.2.5.jar:/Users/chris/.m2/repository/com/netflix/netflix-commons/netflix-statistics/0.1.1/netflix-statistics-0.1.1.jar:/Users/chris/.m2/repository/io/reactivex/rxjava/1.3.8/rxjava-1.3.8.jar:/Users/chris/.m2/repository/org/springframework/boot/spring-boot-starter-data-jpa/2.0.2.RELEASE/spring-boot-starter-data-jpa-2.0.2.RELEASE.jar:/Users/chris/.m2/repository/org/springframework/boot/spring-boot-starter-aop/2.0.2.RELEASE/spring-boot-starter-aop-2.0.2.RELEASE.jar:/Users/chris/.m2/repository/org/hibernate/hibernate-core/5.2.17.Final/hibernate-core-5.2.17.Final.jar:/Users/chris/.m2/repository/org/hibernate/javax/persistence/hibernate-jpa-2.1-api/1.0.0.Final/hibernate-jpa-2.1-api-1.0.0.Final.jar:/Users/chris/.m2/repository/org/javassist/javassist/3.22.0-GA/javassist-3.22.0-GA.jar:/Users/chris/.m2/repository/antlr/antlr/2.7.7/antlr-2.7.7.jar:/Users/chris/.m2/repository/org/jboss/jandex/2.0.3.Final/jandex-2.0.3.Final.jar:/Users/chris/.m2/repository/dom4j/dom4j/1.6.1/dom4j-1.6.1.jar:/Users/chris/.m2/repository/org/hibernate/common/hibernate-commons-annotations/5.0.1.Final/hibernate-commons-annotations-5.0.1.Final.jar:/Users/chris/.m2/repository/javax/transaction/javax.transaction-api/1.2/javax.transaction-api-1.2.jar:/Users/chris/.m2/repository/org/springframework/data/spring-data-jpa/2.0.7.RELEASE/spring-data-jpa-2.0.7.RELEASE.jar:/Users/chris/.m2/repository/org/springframework/data/spring-data-commons/2.0.7.RELEASE/spring-data-commons-2.0.7.RELEASE.jar:/Users/chris/.m2/repository/org/springframework/spring-orm/5.0.6.RELEASE/spring-orm-5.0.6.RELEASE.jar:/Users/chris/.m2/repository/org/springframework/spring-tx/5.0.6.RELEASE/spring-tx-5.0.6.RELEASE.jar:/Users/chris/.m2/repository/org/springframework/spring-aspects/5.0.6.RELEASE/spring-aspects-5.0.6.RELEASE.jar:/Users/chris/.m2/repository/org/springframework/boot/spring-boot-starter-jdbc/2.0.2.RELEASE/spring-boot-starter-jdbc-2.0.2.RELEASE.jar:/Users/chris/.m2/repository/com/zaxxer/HikariCP/2.7.9/HikariCP-2.7.9.jar:/Users/chris/.m2/repository/org/springframework/spring-jdbc/5.0.6.RELEASE/spring-jdbc-5.0.6.RELEASE.jar:/Users/chris/.m2/repository/mysql/mysql-connector-java/8.0.18/mysql-connector-java-8.0.18.jar:/Users/chris/.m2/repository/com/google/protobuf/protobuf-java/3.6.1/protobuf-java-3.6.1.jar:/Users/chris/Desktop/spring/advertise-springcloud/chris-ad-service/ad-common/target/ad-common-1.0-SNAPSHOT.jar:/Users/chris/.m2/repository/com/alibaba/fastjson/1.2.31/fastjson-1.2.31.jar:/Users/chris/.m2/repository/commons-codec/commons-codec/1.9/commons-codec-1.9.jar:/Users/chris/.m2/repository/org/projectlombok/lombok/1.16.18/lombok-1.16.18.jar:/Users/chris/.m2/repository/org/springframework/boot/spring-boot-starter-test/2.0.2.RELEASE/spring-boot-starter-test-2.0.2.RELEASE.jar:/Users/chris/.m2/repository/org/springframework/boot/spring-boot-test/2.0.2.RELEASE/spring-boot-test-2.0.2.RELEASE.jar:/Users/chris/.m2/repository/org/springframework/boot/spring-boot-test-autoconfigure/2.0.2.RELEASE/spring-boot-test-autoconfigure-2.0.2.RELEASE.jar:/Users/chris/.m2/repository/com/jayway/jsonpath/json-path/2.4.0/json-path-2.4.0.jar:/Users/chris/.m2/repository/net/minidev/json-smart/2.3/json-smart-2.3.jar:/Users/chris/.m2/repository/net/minidev/accessors-smart/1.2/accessors-smart-1.2.jar:/Users/chris/.m2/repository/junit/junit/4.12/junit-4.12.jar:/Users/chris/.m2/repository/org/assertj/assertj-core/3.9.1/assertj-core-3.9.1.jar:/Users/chris/.m2/repository/org/mockito/mockito-core/2.15.0/mockito-core-2.15.0.jar:/Users/chris/.m2/repository/net/bytebuddy/byte-buddy/1.7.11/byte-buddy-1.7.11.jar:/Users/chris/.m2/repository/net/bytebuddy/byte-buddy-agent/1.7.11/byte-buddy-agent-1.7.11.jar:/Users/chris/.m2/repository/org/objenesis/objenesis/2.6/objenesis-2.6.jar:/Users/chris/.m2/repository/org/hamcrest/hamcrest-core/1.3/hamcrest-core-1.3.jar:/Users/chris/.m2/repository/org/hamcrest/hamcrest-library/1.3/hamcrest-library-1.3.jar:/Users/chris/.m2/repository/org/skyscreamer/jsonassert/1.5.0/jsonassert-1.5.0.jar:/Users/chris/.m2/repository/com/vaadin/external/google/android-json/0.0.20131108.vaadin1/android-json-0.0.20131108.vaadin1.jar:/Users/chris/.m2/repository/org/springframework/spring-core/5.0.6.RELEASE/spring-core-5.0.6.RELEASE.jar:/Users/chris/.m2/repository/org/springframework/spring-jcl/5.0.6.RELEASE/spring-jcl-5.0.6.RELEASE.jar:/Users/chris/.m2/repository/org/springframework/spring-test/5.0.6.RELEASE/spring-test-5.0.6.RELEASE.jar:/Users/chris/.m2/repository/org/xmlunit/xmlunit-core/2.5.1/xmlunit-core-2.5.1.jar:"/>
    <property name="java.vm.vendor" value="Oracle Corporation"/>
    <property name="sun.arch.data.model" value="64"/>
    <property name="java.vendor.url" value="http://java.oracle.com/"/>
    <property name="user.timezone" value=""/>
    <property name="user.country.format" value="US"/>
    <property name="java.vm.specification.version" value="1.8"/>
    <property name="os.name" value="Mac OS X"/>
    <property name="user.country" value="CN"/>
    <property name="sun.java.launcher" value="SUN_STANDARD"/>
    <property name="sun.boot.library.path" value="/Library/Java/JavaVirtualMachines/jdk1.8.0_101.jdk/Contents/Home/jre/lib"/>
    <property name="sun.java.command" value="/Users/chris/Desktop/spring/advertise-springcloud/chris-ad-service/ad-sponsor/target/surefire/surefirebooter1336729080719032612.jar /Users/chris/Desktop/spring/advertise-springcloud/chris-ad-service/ad-sponsor/target/surefire 2019-11-15T21-44-30_940-jvmRun1 surefire2724763952820944673tmp surefire_0778860566547705553tmp"/>
    <property name="http.nonProxyHosts" value="local„ÄÅ169.254/16|*.local„ÄÅ169.254/16"/>
    <property name="surefire.test.class.path" value="/Users/chris/Desktop/spring/advertise-springcloud/chris-ad-service/ad-sponsor/target/test-classes:/Users/chris/Desktop/spring/advertise-springcloud/chris-ad-service/ad-sponsor/target/classes:/Users/chris/.m2/repository/org/springframework/boot/spring-boot-starter-web/2.0.2.RELEASE/spring-boot-starter-web-2.0.2.RELEASE.jar:/Users/chris/.m2/repository/org/springframework/boot/spring-boot-starter/2.0.2.RELEASE/spring-boot-starter-2.0.2.RELEASE.jar:/Users/chris/.m2/repository/org/springframework/boot/spring-boot/2.0.2.RELEASE/spring-boot-2.0.2.RELEASE.jar:/Users/chris/.m2/repository/org/springframework/boot/spring-boot-autoconfigure/2.0.2.RELEASE/spring-boot-autoconfigure-2.0.2.RELEASE.jar:/Users/chris/.m2/repository/org/springframework/boot/spring-boot-starter-logging/2.0.2.RELEASE/spring-boot-starter-logging-2.0.2.RELEASE.jar:/Users/chris/.m2/repository/ch/qos/logback/logback-classic/1.2.3/logback-classic-1.2.3.jar:/Users/chris/.m2/repository/ch/qos/logback/logback-core/1.2.3/logback-core-1.2.3.jar:/Users/chris/.m2/repository/org/apache/logging/log4j/log4j-to-slf4j/2.10.0/log4j-to-slf4j-2.10.0.jar:/Users/chris/.m2/repository/org/apache/logging/log4j/log4j-api/2.10.0/log4j-api-2.10.0.jar:/Users/chris/.m2/repository/org/slf4j/jul-to-slf4j/1.7.25/jul-to-slf4j-1.7.25.jar:/Users/chris/.m2/repository/javax/annotation/javax.annotation-api/1.3.2/javax.annotation-api-1.3.2.jar:/Users/chris/.m2/repository/org/yaml/snakeyaml/1.19/snakeyaml-1.19.jar:/Users/chris/.m2/repository/org/springframework/boot/spring-boot-starter-json/2.0.2.RELEASE/spring-boot-starter-json-2.0.2.RELEASE.jar:/Users/chris/.m2/repository/com/fasterxml/jackson/core/jackson-databind/2.9.5/jackson-databind-2.9.5.jar:/Users/chris/.m2/repository/com/fasterxml/jackson/datatype/jackson-datatype-jdk8/2.9.5/jackson-datatype-jdk8-2.9.5.jar:/Users/chris/.m2/repository/com/fasterxml/jackson/datatype/jackson-datatype-jsr310/2.9.5/jackson-datatype-jsr310-2.9.5.jar:/Users/chris/.m2/repository/com/fasterxml/jackson/module/jackson-module-parameter-names/2.9.5/jackson-module-parameter-names-2.9.5.jar:/Users/chris/.m2/repository/org/springframework/boot/spring-boot-starter-tomcat/2.0.2.RELEASE/spring-boot-starter-tomcat-2.0.2.RELEASE.jar:/Users/chris/.m2/repository/org/apache/tomcat/embed/tomcat-embed-core/8.5.31/tomcat-embed-core-8.5.31.jar:/Users/chris/.m2/repository/org/apache/tomcat/embed/tomcat-embed-el/8.5.31/tomcat-embed-el-8.5.31.jar:/Users/chris/.m2/repository/org/apache/tomcat/embed/tomcat-embed-websocket/8.5.31/tomcat-embed-websocket-8.5.31.jar:/Users/chris/.m2/repository/org/hibernate/validator/hibernate-validator/6.0.9.Final/hibernate-validator-6.0.9.Final.jar:/Users/chris/.m2/repository/javax/validation/validation-api/2.0.1.Final/validation-api-2.0.1.Final.jar:/Users/chris/.m2/repository/org/jboss/logging/jboss-logging/3.3.2.Final/jboss-logging-3.3.2.Final.jar:/Users/chris/.m2/repository/com/fasterxml/classmate/1.3.4/classmate-1.3.4.jar:/Users/chris/.m2/repository/org/springframework/spring-web/5.0.6.RELEASE/spring-web-5.0.6.RELEASE.jar:/Users/chris/.m2/repository/org/springframework/spring-beans/5.0.6.RELEASE/spring-beans-5.0.6.RELEASE.jar:/Users/chris/.m2/repository/org/springframework/spring-webmvc/5.0.6.RELEASE/spring-webmvc-5.0.6.RELEASE.jar:/Users/chris/.m2/repository/org/springframework/spring-aop/5.0.6.RELEASE/spring-aop-5.0.6.RELEASE.jar:/Users/chris/.m2/repository/org/springframework/spring-context/5.0.6.RELEASE/spring-context-5.0.6.RELEASE.jar:/Users/chris/.m2/repository/org/springframework/spring-expression/5.0.6.RELEASE/spring-expression-5.0.6.RELEASE.jar:/Users/chris/.m2/repository/org/springframework/cloud/spring-cloud-starter-netflix-eureka-client/2.0.0.RELEASE/spring-cloud-starter-netflix-eureka-client-2.0.0.RELEASE.jar:/Users/chris/.m2/repository/org/springframework/cloud/spring-cloud-starter/2.0.0.RELEASE/spring-cloud-starter-2.0.0.RELEASE.jar:/Users/chris/.m2/repository/org/springframework/cloud/spring-cloud-context/2.0.0.RELEASE/spring-cloud-context-2.0.0.RELEASE.jar:/Users/chris/.m2/repository/org/springframework/security/spring-security-rsa/1.0.5.RELEASE/spring-security-rsa-1.0.5.RELEASE.jar:/Users/chris/.m2/repository/org/bouncycastle/bcpkix-jdk15on/1.56/bcpkix-jdk15on-1.56.jar:/Users/chris/.m2/repository/org/bouncycastle/bcprov-jdk15on/1.56/bcprov-jdk15on-1.56.jar:/Users/chris/.m2/repository/org/springframework/cloud/spring-cloud-netflix-core/2.0.0.RELEASE/spring-cloud-netflix-core-2.0.0.RELEASE.jar:/Users/chris/.m2/repository/org/springframework/cloud/spring-cloud-netflix-eureka-client/2.0.0.RELEASE/spring-cloud-netflix-eureka-client-2.0.0.RELEASE.jar:/Users/chris/.m2/repository/com/netflix/eureka/eureka-client/1.9.2/eureka-client-1.9.2.jar:/Users/chris/.m2/repository/org/codehaus/jettison/jettison/1.3.7/jettison-1.3.7.jar:/Users/chris/.m2/repository/stax/stax-api/1.0.1/stax-api-1.0.1.jar:/Users/chris/.m2/repository/com/netflix/netflix-commons/netflix-eventbus/0.3.0/netflix-eventbus-0.3.0.jar:/Users/chris/.m2/repository/com/netflix/netflix-commons/netflix-infix/0.3.0/netflix-infix-0.3.0.jar:/Users/chris/.m2/repository/commons-jxpath/commons-jxpath/1.3/commons-jxpath-1.3.jar:/Users/chris/.m2/repository/joda-time/joda-time/2.9.9/joda-time-2.9.9.jar:/Users/chris/.m2/repository/org/antlr/antlr-runtime/3.4/antlr-runtime-3.4.jar:/Users/chris/.m2/repository/org/antlr/stringtemplate/3.2.1/stringtemplate-3.2.1.jar:/Users/chris/.m2/repository/com/google/code/gson/gson/2.8.4/gson-2.8.4.jar:/Users/chris/.m2/repository/org/apache/commons/commons-math/2.2/commons-math-2.2.jar:/Users/chris/.m2/repository/com/netflix/archaius/archaius-core/0.7.6/archaius-core-0.7.6.jar:/Users/chris/.m2/repository/javax/ws/rs/jsr311-api/1.1.1/jsr311-api-1.1.1.jar:/Users/chris/.m2/repository/com/netflix/servo/servo-core/0.12.21/servo-core-0.12.21.jar:/Users/chris/.m2/repository/com/sun/jersey/jersey-core/1.19.1/jersey-core-1.19.1.jar:/Users/chris/.m2/repository/com/sun/jersey/jersey-client/1.19.1/jersey-client-1.19.1.jar:/Users/chris/.m2/repository/com/sun/jersey/contribs/jersey-apache-client4/1.19.1/jersey-apache-client4-1.19.1.jar:/Users/chris/.m2/repository/org/apache/httpcomponents/httpclient/4.5.5/httpclient-4.5.5.jar:/Users/chris/.m2/repository/org/apache/httpcomponents/httpcore/4.4.9/httpcore-4.4.9.jar:/Users/chris/.m2/repository/com/google/inject/guice/4.1.0/guice-4.1.0.jar:/Users/chris/.m2/repository/aopalliance/aopalliance/1.0/aopalliance-1.0.jar:/Users/chris/.m2/repository/com/github/vlsi/compactmap/compactmap/1.2.1/compactmap-1.2.1.jar:/Users/chris/.m2/repository/com/github/andrewoma/dexx/dexx-collections/0.2/dexx-collections-0.2.jar:/Users/chris/.m2/repository/com/fasterxml/jackson/core/jackson-annotations/2.9.0/jackson-annotations-2.9.0.jar:/Users/chris/.m2/repository/com/fasterxml/jackson/core/jackson-core/2.9.5/jackson-core-2.9.5.jar:/Users/chris/.m2/repository/com/netflix/eureka/eureka-core/1.9.2/eureka-core-1.9.2.jar:/Users/chris/.m2/repository/org/codehaus/woodstox/woodstox-core-asl/4.4.1/woodstox-core-asl-4.4.1.jar:/Users/chris/.m2/repository/javax/xml/stream/stax-api/1.0-2/stax-api-1.0-2.jar:/Users/chris/.m2/repository/org/codehaus/woodstox/stax2-api/3.1.4/stax2-api-3.1.4.jar:/Users/chris/.m2/repository/org/springframework/cloud/spring-cloud-starter-netflix-archaius/2.0.0.RELEASE/spring-cloud-starter-netflix-archaius-2.0.0.RELEASE.jar:/Users/chris/.m2/repository/org/springframework/cloud/spring-cloud-netflix-archaius/2.0.0.RELEASE/spring-cloud-netflix-archaius-2.0.0.RELEASE.jar:/Users/chris/.m2/repository/commons-configuration/commons-configuration/1.8/commons-configuration-1.8.jar:/Users/chris/.m2/repository/com/netflix/ribbon/ribbon-eureka/2.2.5/ribbon-eureka-2.2.5.jar:/Users/chris/.m2/repository/org/slf4j/slf4j-api/1.7.25/slf4j-api-1.7.25.jar:/Users/chris/.m2/repository/com/thoughtworks/xstream/xstream/1.4.10/xstream-1.4.10.jar:/Users/chris/.m2/repository/xmlpull/xmlpull/1.1.3.1/xmlpull-1.1.3.1.jar:/Users/chris/.m2/repository/xpp3/xpp3_min/1.1.4c/xpp3_min-1.1.4c.jar:/Users/chris/.m2/repository/org/springframework/cloud/spring-cloud-starter-openfeign/2.0.0.RELEASE/spring-cloud-starter-openfeign-2.0.0.RELEASE.jar:/Users/chris/.m2/repository/org/springframework/cloud/spring-cloud-openfeign-core/2.0.0.RELEASE/spring-cloud-openfeign-core-2.0.0.RELEASE.jar:/Users/chris/.m2/repository/org/springframework/cloud/spring-cloud-commons/2.0.0.RELEASE/spring-cloud-commons-2.0.0.RELEASE.jar:/Users/chris/.m2/repository/org/springframework/security/spring-security-crypto/5.0.5.RELEASE/spring-security-crypto-5.0.5.RELEASE.jar:/Users/chris/.m2/repository/io/github/openfeign/feign-core/9.5.1/feign-core-9.5.1.jar:/Users/chris/.m2/repository/io/github/openfeign/feign-slf4j/9.5.1/feign-slf4j-9.5.1.jar:/Users/chris/.m2/repository/io/github/openfeign/feign-hystrix/9.5.1/feign-hystrix-9.5.1.jar:/Users/chris/.m2/repository/io/github/openfeign/feign-java8/9.5.1/feign-java8-9.5.1.jar:/Users/chris/.m2/repository/org/springframework/cloud/spring-cloud-starter-netflix-hystrix/2.0.0.RELEASE/spring-cloud-starter-netflix-hystrix-2.0.0.RELEASE.jar:/Users/chris/.m2/repository/org/springframework/cloud/spring-cloud-netflix-ribbon/2.0.0.RELEASE/spring-cloud-netflix-ribbon-2.0.0.RELEASE.jar:/Users/chris/.m2/repository/com/netflix/hystrix/hystrix-core/1.5.12/hystrix-core-1.5.12.jar:/Users/chris/.m2/repository/org/hdrhistogram/HdrHistogram/2.1.9/HdrHistogram-2.1.9.jar:/Users/chris/.m2/repository/com/netflix/hystrix/hystrix-serialization/1.5.12/hystrix-serialization-1.5.12.jar:/Users/chris/.m2/repository/com/fasterxml/jackson/module/jackson-module-afterburner/2.9.5/jackson-module-afterburner-2.9.5.jar:/Users/chris/.m2/repository/com/netflix/hystrix/hystrix-metrics-event-stream/1.5.12/hystrix-metrics-event-stream-1.5.12.jar:/Users/chris/.m2/repository/com/netflix/hystrix/hystrix-javanica/1.5.12/hystrix-javanica-1.5.12.jar:/Users/chris/.m2/repository/org/apache/commons/commons-lang3/3.7/commons-lang3-3.7.jar:/Users/chris/.m2/repository/org/ow2/asm/asm/5.0.4/asm-5.0.4.jar:/Users/chris/.m2/repository/org/aspectj/aspectjweaver/1.8.13/aspectjweaver-1.8.13.jar:/Users/chris/.m2/repository/com/google/guava/guava/15.0/guava-15.0.jar:/Users/chris/.m2/repository/io/reactivex/rxjava-reactive-streams/1.2.1/rxjava-reactive-streams-1.2.1.jar:/Users/chris/.m2/repository/org/reactivestreams/reactive-streams/1.0.2/reactive-streams-1.0.2.jar:/Users/chris/.m2/repository/org/springframework/cloud/spring-cloud-starter-netflix-ribbon/2.0.0.RELEASE/spring-cloud-starter-netflix-ribbon-2.0.0.RELEASE.jar:/Users/chris/.m2/repository/com/netflix/ribbon/ribbon/2.2.5/ribbon-2.2.5.jar:/Users/chris/.m2/repository/com/netflix/ribbon/ribbon-transport/2.2.5/ribbon-transport-2.2.5.jar:/Users/chris/.m2/repository/io/reactivex/rxnetty-contexts/0.4.9/rxnetty-contexts-0.4.9.jar:/Users/chris/.m2/repository/io/reactivex/rxnetty-servo/0.4.9/rxnetty-servo-0.4.9.jar:/Users/chris/.m2/repository/javax/inject/javax.inject/1/javax.inject-1.jar:/Users/chris/.m2/repository/io/reactivex/rxnetty/0.4.9/rxnetty-0.4.9.jar:/Users/chris/.m2/repository/io/netty/netty-codec-http/4.1.24.Final/netty-codec-http-4.1.24.Final.jar:/Users/chris/.m2/repository/io/netty/netty-codec/4.1.24.Final/netty-codec-4.1.24.Final.jar:/Users/chris/.m2/repository/io/netty/netty-transport-native-epoll/4.1.24.Final/netty-transport-native-epoll-4.1.24.Final.jar:/Users/chris/.m2/repository/io/netty/netty-common/4.1.24.Final/netty-common-4.1.24.Final.jar:/Users/chris/.m2/repository/io/netty/netty-buffer/4.1.24.Final/netty-buffer-4.1.24.Final.jar:/Users/chris/.m2/repository/io/netty/netty-transport-native-unix-common/4.1.24.Final/netty-transport-native-unix-common-4.1.24.Final.jar:/Users/chris/.m2/repository/io/netty/netty-transport/4.1.24.Final/netty-transport-4.1.24.Final.jar:/Users/chris/.m2/repository/io/netty/netty-resolver/4.1.24.Final/netty-resolver-4.1.24.Final.jar:/Users/chris/.m2/repository/com/netflix/ribbon/ribbon-core/2.2.5/ribbon-core-2.2.5.jar:/Users/chris/.m2/repository/commons-lang/commons-lang/2.6/commons-lang-2.6.jar:/Users/chris/.m2/repository/com/netflix/ribbon/ribbon-httpclient/2.2.5/ribbon-httpclient-2.2.5.jar:/Users/chris/.m2/repository/commons-collections/commons-collections/3.2.2/commons-collections-3.2.2.jar:/Users/chris/.m2/repository/com/netflix/netflix-commons/netflix-commons-util/0.3.0/netflix-commons-util-0.3.0.jar:/Users/chris/.m2/repository/com/netflix/ribbon/ribbon-loadbalancer/2.2.5/ribbon-loadbalancer-2.2.5.jar:/Users/chris/.m2/repository/com/netflix/netflix-commons/netflix-statistics/0.1.1/netflix-statistics-0.1.1.jar:/Users/chris/.m2/repository/io/reactivex/rxjava/1.3.8/rxjava-1.3.8.jar:/Users/chris/.m2/repository/org/springframework/boot/spring-boot-starter-data-jpa/2.0.2.RELEASE/spring-boot-starter-data-jpa-2.0.2.RELEASE.jar:/Users/chris/.m2/repository/org/springframework/boot/spring-boot-starter-aop/2.0.2.RELEASE/spring-boot-starter-aop-2.0.2.RELEASE.jar:/Users/chris/.m2/repository/org/hibernate/hibernate-core/5.2.17.Final/hibernate-core-5.2.17.Final.jar:/Users/chris/.m2/repository/org/hibernate/javax/persistence/hibernate-jpa-2.1-api/1.0.0.Final/hibernate-jpa-2.1-api-1.0.0.Final.jar:/Users/chris/.m2/repository/org/javassist/javassist/3.22.0-GA/javassist-3.22.0-GA.jar:/Users/chris/.m2/repository/antlr/antlr/2.7.7/antlr-2.7.7.jar:/Users/chris/.m2/repository/org/jboss/jandex/2.0.3.Final/jandex-2.0.3.Final.jar:/Users/chris/.m2/repository/dom4j/dom4j/1.6.1/dom4j-1.6.1.jar:/Users/chris/.m2/repository/org/hibernate/common/hibernate-commons-annotations/5.0.1.Final/hibernate-commons-annotations-5.0.1.Final.jar:/Users/chris/.m2/repository/javax/transaction/javax.transaction-api/1.2/javax.transaction-api-1.2.jar:/Users/chris/.m2/repository/org/springframework/data/spring-data-jpa/2.0.7.RELEASE/spring-data-jpa-2.0.7.RELEASE.jar:/Users/chris/.m2/repository/org/springframework/data/spring-data-commons/2.0.7.RELEASE/spring-data-commons-2.0.7.RELEASE.jar:/Users/chris/.m2/repository/org/springframework/spring-orm/5.0.6.RELEASE/spring-orm-5.0.6.RELEASE.jar:/Users/chris/.m2/repository/org/springframework/spring-tx/5.0.6.RELEASE/spring-tx-5.0.6.RELEASE.jar:/Users/chris/.m2/repository/org/springframework/spring-aspects/5.0.6.RELEASE/spring-aspects-5.0.6.RELEASE.jar:/Users/chris/.m2/repository/org/springframework/boot/spring-boot-starter-jdbc/2.0.2.RELEASE/spring-boot-starter-jdbc-2.0.2.RELEASE.jar:/Users/chris/.m2/repository/com/zaxxer/HikariCP/2.7.9/HikariCP-2.7.9.jar:/Users/chris/.m2/repository/org/springframework/spring-jdbc/5.0.6.RELEASE/spring-jdbc-5.0.6.RELEASE.jar:/Users/chris/.m2/repository/mysql/mysql-connector-java/8.0.18/mysql-connector-java-8.0.18.jar:/Users/chris/.m2/repository/com/google/protobuf/protobuf-java/3.6.1/protobuf-java-3.6.1.jar:/Users/chris/Desktop/spring/advertise-springcloud/chris-ad-service/ad-common/target/ad-common-1.0-SNAPSHOT.jar:/Users/chris/.m2/repository/com/alibaba/fastjson/1.2.31/fastjson-1.2.31.jar:/Users/chris/.m2/repository/commons-codec/commons-codec/1.9/commons-codec-1.9.jar:/Users/chris/.m2/repository/org/projectlombok/lombok/1.16.18/lombok-1.16.18.jar:/Users/chris/.m2/repository/org/springframework/boot/spring-boot-starter-test/2.0.2.RELEASE/spring-boot-starter-test-2.0.2.RELEASE.jar:/Users/chris/.m2/repository/org/springframework/boot/spring-boot-test/2.0.2.RELEASE/spring-boot-test-2.0.2.RELEASE.jar:/Users/chris/.m2/repository/org/springframework/boot/spring-boot-test-autoconfigure/2.0.2.RELEASE/spring-boot-test-autoconfigure-2.0.2.RELEASE.jar:/Users/chris/.m2/repository/com/jayway/jsonpath/json-path/2.4.0/json-path-2.4.0.jar:/Users/chris/.m2/repository/net/minidev/json-smart/2.3/json-smart-2.3.jar:/Users/chris/.m2/repository/net/minidev/accessors-smart/1.2/accessors-smart-1.2.jar:/Users/chris/.m2/repository/junit/junit/4.12/junit-4.12.jar:/Users/chris/.m2/repository/org/assertj/assertj-core/3.9.1/assertj-core-3.9.1.jar:/Users/chris/.m2/repository/org/mockito/mockito-core/2.15.0/mockito-core-2.15.0.jar:/Users/chris/.m2/repository/net/bytebuddy/byte-buddy/1.7.11/byte-buddy-1.7.11.jar:/Users/chris/.m2/repository/net/bytebuddy/byte-buddy-agent/1.7.11/byte-buddy-agent-1.7.11.jar:/Users/chris/.m2/repository/org/objenesis/objenesis/2.6/objenesis-2.6.jar:/Users/chris/.m2/repository/org/hamcrest/hamcrest-core/1.3/hamcrest-core-1.3.jar:/Users/chris/.m2/repository/org/hamcrest/hamcrest-library/1.3/hamcrest-library-1.3.jar:/Users/chris/.m2/repository/org/skyscreamer/jsonassert/1.5.0/jsonassert-1.5.0.jar:/Users/chris/.m2/repository/com/vaadin/external/google/android-json/0.0.20131108.vaadin1/android-json-0.0.20131108.vaadin1.jar:/Users/chris/.m2/repository/org/springframework/spring-core/5.0.6.RELEASE/spring-core-5.0.6.RELEASE.jar:/Users/chris/.m2/repository/org/springframework/spring-jcl/5.0.6.RELEASE/spring-jcl-5.0.6.RELEASE.jar:/Users/chris/.m2/repository/org/springframework/spring-test/5.0.6.RELEASE/spring-test-5.0.6.RELEASE.jar:/Users/chris/.m2/repository/org/xmlunit/xmlunit-core/2.5.1/xmlunit-core-2.5.1.jar:"/>
    <property name="sun.cpu.endian" value="little"/>
    <property name="user.home" value="/Users/chris"/>
    <property name="user.language" value="zh"/>
    <property name="java.specification.vendor" value="Oracle Corporation"/>
    <property name="java.home" value="/Library/Java/JavaVirtualMachines/jdk1.8.0_101.jdk/Contents/Home/jre"/>
    <property name="basedir" value="/Users/chris/Desktop/spring/advertise-springcloud/chris-ad-service/ad-sponsor"/>
    <property name="file.separator" value="/"/>
    <property name="line.separator" value="&#10;"/>
    <property name="java.vm.specification.vendor" value="Oracle Corporation"/>
    <property name="java.specification.name" value="Java Platform API Specification"/>
    <property name="java.awt.graphicsenv" value="sun.awt.CGraphicsEnvironment"/>
    <property name="surefire.real.class.path" value="/Users/chris/Desktop/spring/advertise-springcloud/chris-ad-service/ad-sponsor/target/surefire/surefirebooter1336729080719032612.jar"/>
    <property name="sun.boot.class.path" value="/Library/Java/JavaVirtualMachines/jdk1.8.0_101.jdk/Contents/Home/jre/lib/resources.jar:/Library/Java/JavaVirtualMachines/jdk1.8.0_101.jdk/Contents/Home/jre/lib/rt.jar:/Library/Java/JavaVirtualMachines/jdk1.8.0_101.jdk/Contents/Home/jre/lib/sunrsasign.jar:/Library/Java/JavaVirtualMachines/jdk1.8.0_101.jdk/Contents/Home/jre/lib/jsse.jar:/Library/Java/JavaVirtualMachines/jdk1.8.0_101.jdk/Contents/Home/jre/lib/jce.jar:/Library/Java/JavaVirtualMachines/jdk1.8.0_101.jdk/Contents/Home/jre/lib/charsets.jar:/Library/Java/JavaVirtualMachines/jdk1.8.0_101.jdk/Contents/Home/jre/lib/jfr.jar:/Library/Java/JavaVirtualMachines/jdk1.8.0_101.jdk/Contents/Home/jre/classes"/>
    <property name="sun.management.compiler" value="HotSpot 64-Bit Tiered Compilers"/>
    <property name="ftp.nonProxyHosts" value="local„ÄÅ169.254/16|*.local„ÄÅ169.254/16"/>
    <property name="java.runtime.version" value="1.8.0_101-b13"/>
    <property name="user.name" value="chris"/>
    <property name="path.separator" value=":"/>
    <property name="os.version" value="10.14"/>
    <property name="java.endorsed.dirs" value="/Library/Java/JavaVirtualMachines/jdk1.8.0_101.jdk/Contents/Home/jre/lib/endorsed"/>
    <property name="java.runtime.name" value="Java(TM) SE Runtime Environment"/>
    <property name="file.encoding" value="UTF-8"/>
    <property name="java.vm.name" value="Java HotSpot(TM) 64-Bit Server VM"/>
    <property name="localRepository" value="/Users/chris/.m2/repository"/>
    <property name="java.vendor.url.bug" value="http://bugreport.sun.com/bugreport/"/>
    <property name="java.io.tmpdir" value="/var/folders/yk/wscq7wpx4b78gzxzbb7xbzn40000gn/T/"/>
    <property name="idea.version" value="2017.3.6"/>
    <property name="java.version" value="1.8.0_101"/>
    <property name="user.dir" value="/Users/chris/Desktop/spring/advertise-springcloud/chris-ad-service/ad-sponsor"/>
    <property name="os.arch" value="x86_64"/>
    <property name="java.vm.specification.name" value="Java Virtual Machine Specification"/>
    <property name="java.awt.printerjob" value="sun.lwawt.macosx.CPrinterJob"/>
    <property name="user.language.format" value="zh-Hans"/>
    <property name="sun.os.patch.level" value="unknown"/>
    <property name="java.library.path" value="/Users/chris/Library/Java/Extensions:/Library/Java/Extensions:/Network/Library/Java/Extensions:/System/Library/Java/Extensions:/usr/lib/java:."/>
    <property name="java.vm.info" value="mixed mode"/>
    <property name="java.vendor" value="Oracle Corporation"/>
    <property name="java.vm.version" value="25.101-b13"/>
    <property name="java.ext.dirs" value="/Users/chris/Library/Java/Extensions:/Library/Java/JavaVirtualMachines/jdk1.8.0_101.jdk/Contents/Home/jre/lib/ext:/Library/Java/Extensions:/Network/Library/Java/Extensions:/System/Library/Java/Extensions:/usr/lib/java"/>
    <property name="sun.io.unicode.encoding" value="UnicodeBig"/>
    <property name="java.class.version" value="52.0"/>
    <property name="socksNonProxyHosts" value="local„ÄÅ169.254/16|*.local„ÄÅ169.254/16"/>
  </properties>
  <testcase name="testGetAdPlan" classname="com.chris.ad.service.AdPlanServiceTest" time="0.521"/>
</testsuite>